<?xml version="1.0" encoding="UTF-8"?>
<!-- Generated by org.testng.reporters.JUnitReportReporter -->
<testsuite hostname="Lenovo-PC" name="com.test.LatestProject.NewTest" tests="1" failures="0" timestamp="11 Jul 2018 19:32:36 GMT" time="36.232" errors="0">
  <testcase name="f" time="36.232" classname="com.test.LatestProject.NewTest"/>
</testsuite> <!-- com.test.LatestProject.NewTest -->
