<?xml version="1.0" encoding="UTF-8"?>
<!-- Generated by org.testng.reporters.JUnitReportReporter -->
<testsuite hostname="Lenovo-PC" name="com.test.LatestProject.Grid" tests="1" failures="0" timestamp="21 Aug 2018 02:47:24 GMT" time="118.501" errors="0">
  <testcase name="t" time="118.501" classname="com.test.LatestProject.Grid"/>
</testsuite> <!-- com.test.LatestProject.Grid -->
