<?xml version="1.0" encoding="UTF-8"?>
<!-- Generated by org.testng.reporters.JUnitReportReporter -->
<testsuite hostname="Lenovo-PC" name="com.test.LatestProject.NewTesttestNG" tests="1" failures="0" timestamp="11 Jul 2018 19:16:29 GMT" time="0.071" errors="0">
  <testcase name="f" time="0.071" classname="com.test.LatestProject.NewTesttestNG"/>
</testsuite> <!-- com.test.LatestProject.NewTesttestNG -->
